<?xml version="1.0" encoding="utf-8"?><testsuites><testsuite name="pytest" errors="0" failures="0" skipped="0" tests="5" time="0.047" timestamp="2021-09-24T08:03:36.526251" hostname="MNEELAKA-M-H1BQ"><testcase classname="tests.sportscar.body.test_body1.BodyTests" name="test_body_functions_as_expected" time="0.002" /><testcase classname="tests.sportscar.body.test_body1.BodyTests" name="test_bumper" time="0.001" /><testcase classname="tests.sportscar.body.test_body1.BodyTests" name="test_windsheild" time="0.001" /><testcase classname="tests.sportscar.engine.test_engine" name="test_engine_functions_as_expected" time="0.001" /><testcase classname="tests.sportscar.entertainment.test_entertainment" name="test_entertainment_functions_as_expected" time="0.001" /></testsuite></testsuites>